ark
aspnet-runtime
base
base-devel
bash-completion
blanket
calibre
cmake
discord
docker
docker-compose
dolphin
dotnet-runtime
dotnet-sdk
efibootmgr
egl-wayland
fd
firefox
gimp
git
grub
gst-plugin-pipewire
htop
intel-media-driver
intel-ucode
iwd
jq
kate
kitty
konsole
ksnip
less
libpulse
libva-intel-driver
libva-mesa-driver
linux
linux-firmware
lua51
luarocks
nano
neofetch
neovim
obsidian
openssh
pipewire
pipewire-alsa
pipewire-jack
pipewire-pulse
plasma-meta
plasma-workspace
power-profiles-daemon
python-pip
ripgrep
scdoc
shotcut
smartmontools
sof-firmware
sqlitebrowser
subversion
telegram-desktop
tidy
tig
unzip
vim
vulkan-intel
vulkan-radeon
wget
wine
wireless_tools
wireplumber
wpa_supplicant
xcape
xclip
xdg-utils
xf86-video-amdgpu
xf86-video-ati
xf86-video-nouveau
xf86-video-vmware
xorg-xinit
yarn
zram-generator
